https://markme.ai/ -> https://markme.ai/home
https://markme.ai/account -> https://markme.ai/account
https://markme.ai/gcse/computer-science/ocr/ -> https://markme.ai/gcse/computer-science/ocr/
https://markme.ai/gcse/business-studies/edexcel/ -> https://markme.ai/gcse/business-studies/edexcel/
https://markme.ai/science/gcse/biology/aqa/ -> https://markme.ai/science/gcse/biology/aqa/
https://markme.ai/editsubjects -> https://markme.ai/editsubjects
https://markme.ai/science/gcse/physics/aqa/ -> https://markme.ai/science/gcse/physics/aqa/
https://markme.ai/science/gcse/chemistry/aqa/ -> https://markme.ai/science/gcse/chemistry/aqa/
https://markme.ai/gcse/english-literature/aqa/ -> https://markme.ai/gcse/english-literature/aqa/
https://markme.ai/gcse/geography/aqa/ -> https://markme.ai/gcse/geography/aqa/
https://markme.ai/gcse/maths/aqa/ -> https://markme.ai/gcse/maths/aqa/
https://markme.ai/gcse/english-language/aqa/ -> https://markme.ai/gcse/english-language/aqa/
https://markme.ai/billing -> https://billing.stripe.com/p/login/6oE5nVaH29axeVG000
https://markme.ai/history -> https://markme.ai/history
https://markme.ai/gcse/business-studies/edexcel/justify-9-marker/596 -> https://markme.ai/gcse/business-studies/edexcel/justify-9-marker/596
https://markme.ai/gcse/business-studies/edexcel/justify-9-marker/597 -> https://markme.ai/gcse/business-studies/edexcel/justify-9-marker/597
https://markme.ai/gcse/business-studies/edexcel/evaluate-12-marker/617 -> https://markme.ai/gcse/business-studies/edexcel/evaluate-12-marker/617
https://markme.ai/gcse/business-studies/edexcel/justify-9-marker/604 -> https://markme.ai/gcse/business-studies/edexcel/justify-9-marker/604
https://markme.ai/gcse/business-studies/edexcel/justify-9-marker/607 -> https://markme.ai/gcse/business-studies/edexcel/justify-9-marker/607
https://markme.ai/gcse/business-studies/edexcel/evaluate-12-marker/598 -> https://markme.ai/gcse/business-studies/edexcel/evaluate-12-marker/598
https://markme.ai/gcse/business-studies/edexcel/justify-9-marker/605 -> https://markme.ai/gcse/business-studies/edexcel/justify-9-marker/605
https://markme.ai/gcse/business-studies/edexcel/justify-9-marker/603 -> https://markme.ai/gcse/business-studies/edexcel/justify-9-marker/603
https://markme.ai/gcse/business-studies/edexcel/justify-9-marker/594 -> https://markme.ai/gcse/business-studies/edexcel/justify-9-marker/594
https://markme.ai/gcse/business-studies/edexcel/justify-9-marker/610 -> https://markme.ai/gcse/business-studies/edexcel/justify-9-marker/610
https://markme.ai/gcse/business-studies/edexcel/evaluate-12-marker/616 -> https://markme.ai/gcse/business-studies/edexcel/evaluate-12-marker/616
https://markme.ai/gcse/business-studies/edexcel/justify-9-marker/588 -> https://markme.ai/gcse/business-studies/edexcel/justify-9-marker/588
https://markme.ai/gcse/business-studies/edexcel/evaluate-12-marker/613 -> https://markme.ai/gcse/business-studies/edexcel/evaluate-12-marker/613
https://markme.ai/gcse/business-studies/edexcel/justify-9-marker/608 -> https://markme.ai/gcse/business-studies/edexcel/justify-9-marker/608
https://markme.ai/gcse/business-studies/edexcel/justify-9-marker/593 -> https://markme.ai/gcse/business-studies/edexcel/justify-9-marker/593
https://markme.ai/gcse/business-studies/edexcel/evaluate-12-marker/599 -> https://markme.ai/gcse/business-studies/edexcel/evaluate-12-marker/599
https://markme.ai/gcse/business-studies/edexcel/evaluate-12-marker/600 -> https://markme.ai/gcse/business-studies/edexcel/evaluate-12-marker/600
https://markme.ai/gcse/business-studies/edexcel/justify-9-marker/609 -> https://markme.ai/gcse/business-studies/edexcel/justify-9-marker/609
https://markme.ai/gcse/business-studies/edexcel/justify-9-marker/592 -> https://markme.ai/gcse/business-studies/edexcel/justify-9-marker/592
https://markme.ai/gcse/business-studies/edexcel/evaluate-12-marker/615 -> https://markme.ai/gcse/business-studies/edexcel/evaluate-12-marker/615
https://markme.ai/gcse/business-studies/edexcel/evaluate-12-marker/602 -> https://markme.ai/gcse/business-studies/edexcel/evaluate-12-marker/602
https://markme.ai/gcse/business-studies/edexcel/justify-9-marker/589 -> https://markme.ai/gcse/business-studies/edexcel/justify-9-marker/589
https://markme.ai/gcse/business-studies/edexcel/evaluate-12-marker/614 -> https://markme.ai/gcse/business-studies/edexcel/evaluate-12-marker/614
https://markme.ai/gcse/business-studies/edexcel/justify-9-marker/612 -> https://markme.ai/gcse/business-studies/edexcel/justify-9-marker/612
https://markme.ai/gcse/business-studies/edexcel/justify-9-marker/591 -> https://markme.ai/gcse/business-studies/edexcel/justify-9-marker/591
https://markme.ai/gcse/business-studies/edexcel/justify-9-marker/606 -> https://markme.ai/gcse/business-studies/edexcel/justify-9-marker/606
https://markme.ai/gcse/business-studies/edexcel/justify-9-marker/611 -> https://markme.ai/gcse/business-studies/edexcel/justify-9-marker/611
https://markme.ai/gcse/business-studies/edexcel/justify-9-marker/590 -> https://markme.ai/gcse/business-studies/edexcel/justify-9-marker/590
https://markme.ai/gcse/business-studies/edexcel/evaluate-12-marker/601 -> https://markme.ai/gcse/business-studies/edexcel/evaluate-12-marker/601
https://markme.ai/gcse/business-studies/edexcel/justify-9-marker/595 -> https://markme.ai/gcse/business-studies/edexcel/justify-9-marker/595
https://markme.ai/science/gcse/biology/aqa/monoclonal+antibodies/ -> https://markme.ai/science/gcse/biology/aqa/monoclonal+antibodies/
https://markme.ai/science/gcse/biology/aqa/animal+organ+systems/ -> https://markme.ai/science/gcse/biology/aqa/animal+organ+systems/
https://markme.ai/science/gcse/biology/aqa/organisation+in+an+ecosystem/ -> https://markme.ai/science/gcse/biology/aqa/organisation+in+an+ecosystem/
https://markme.ai/science/gcse/biology/aqa/adaptation/ -> https://markme.ai/science/gcse/biology/aqa/adaptation/
https://markme.ai/science/gcse/biology/aqa/classification/ -> https://markme.ai/science/gcse/biology/aqa/classification/
https://markme.ai/science/gcse/biology/aqa/cell+structure/ -> https://markme.ai/science/gcse/biology/aqa/cell+structure/
https://markme.ai/science/gcse/biology/aqa/food+production/ -> https://markme.ai/science/gcse/biology/aqa/food+production/
https://markme.ai/science/gcse/biology/aqa/communicable+disease/ -> https://markme.ai/science/gcse/biology/aqa/communicable+disease/
https://markme.ai/science/gcse/biology/aqa/reproduction/ -> https://markme.ai/science/gcse/biology/aqa/reproduction/
https://markme.ai/science/gcse/biology/aqa/stem+cells/ -> https://markme.ai/science/gcse/biology/aqa/stem+cells/
https://markme.ai/science/gcse/biology/aqa/variation+and+evolution/ -> https://markme.ai/science/gcse/biology/aqa/variation+and+evolution/
https://markme.ai/science/gcse/biology/aqa/hormonal+communication/ -> https://markme.ai/science/gcse/biology/aqa/hormonal+communication/
https://markme.ai/science/gcse/biology/aqa/photosynthesis/ -> https://markme.ai/science/gcse/biology/aqa/photosynthesis/
https://markme.ai/science/gcse/biology/aqa/plant+organ+systems/ -> https://markme.ai/science/gcse/biology/aqa/plant+organ+systems/
https://markme.ai/science/gcse/biology/aqa/cell+transport/ -> https://markme.ai/science/gcse/biology/aqa/cell+transport/
https://markme.ai/science/gcse/biology/aqa/the+nervous+system/ -> https://markme.ai/science/gcse/biology/aqa/the+nervous+system/
https://markme.ai/science/gcse/biology/aqa/respiration/ -> https://markme.ai/science/gcse/biology/aqa/respiration/
https://markme.ai/science/gcse/biology/aqa/biodiversity/ -> https://markme.ai/science/gcse/biology/aqa/biodiversity/
https://markme.ai/science/gcse/biology/aqa/plant+diseases/ -> https://markme.ai/science/gcse/biology/aqa/plant+diseases/
https://markme.ai/science/gcse/biology/aqa/the+heart+and+heart+disease/ -> https://markme.ai/science/gcse/biology/aqa/the+heart+and+heart+disease/
https://markme.ai/science/gcse/biology/aqa/principles+of+organisation/ -> https://markme.ai/science/gcse/biology/aqa/principles+of+organisation/
https://markme.ai/science/gcse/biology/aqa/cell+division/ -> https://markme.ai/science/gcse/biology/aqa/cell+division/
https://markme.ai/science/gcse/biology/aqa/plant+hormones/ -> https://markme.ai/science/gcse/biology/aqa/plant+hormones/
https://markme.ai/science/gcse/physics/aqa/transformers+and+the+national+grid/ -> https://markme.ai/science/gcse/physics/aqa/transformers+and+the+national+grid/
https://markme.ai/science/gcse/physics/aqa/electricity+in+the+home/ -> https://markme.ai/science/gcse/physics/aqa/electricity+in+the+home/
https://markme.ai/science/gcse/physics/aqa/solar+system/ -> https://markme.ai/science/gcse/physics/aqa/solar+system/
https://markme.ai/science/gcse/physics/aqa/half+life+and+uses/ -> https://markme.ai/science/gcse/physics/aqa/half+life+and+uses/
https://markme.ai/science/gcse/physics/aqa/density/ -> https://markme.ai/science/gcse/physics/aqa/density/
https://markme.ai/science/gcse/physics/aqa/permanent+and+induced+magnets/ -> https://markme.ai/science/gcse/physics/aqa/permanent+and+induced+magnets/
https://markme.ai/science/gcse/physics/aqa/nuclear+fission+and+fusion/ -> https://markme.ai/science/gcse/physics/aqa/nuclear+fission+and+fusion/
https://markme.ai/science/gcse/physics/aqa/pressure/ -> https://markme.ai/science/gcse/physics/aqa/pressure/
https://markme.ai/science/gcse/physics/aqa/electricity/ -> https://markme.ai/science/gcse/physics/aqa/electricity/
https://markme.ai/science/gcse/physics/aqa/speed+and+acceleration/ -> https://markme.ai/science/gcse/physics/aqa/speed+and+acceleration/
https://markme.ai/science/gcse/physics/aqa/change+of+state/ -> https://markme.ai/science/gcse/physics/aqa/change+of+state/
https://markme.ai/science/gcse/physics/aqa/waves/ -> https://markme.ai/science/gcse/physics/aqa/waves/
https://markme.ai/science/gcse/physics/aqa/energy+resources/ -> https://markme.ai/science/gcse/physics/aqa/energy+resources/
https://markme.ai/science/gcse/physics/aqa/electromagnetic+waves/ -> https://markme.ai/science/gcse/physics/aqa/electromagnetic+waves/
https://markme.ai/science/gcse/physics/aqa/momentum/ -> https://markme.ai/science/gcse/physics/aqa/momentum/
https://markme.ai/science/gcse/physics/aqa/conservation+and+transfer+of+energy/ -> https://markme.ai/science/gcse/physics/aqa/conservation+and+transfer+of+energy/
https://markme.ai/science/gcse/physics/aqa/black+body+radiation/ -> https://markme.ai/science/gcse/physics/aqa/black+body+radiation/
https://markme.ai/science/gcse/physics/aqa/static+electricity/ -> https://markme.ai/science/gcse/physics/aqa/static+electricity/
https://markme.ai/science/gcse/physics/aqa/energy/ -> https://markme.ai/science/gcse/physics/aqa/energy/
https://markme.ai/science/gcse/physics/aqa/red+shift/ -> https://markme.ai/science/gcse/physics/aqa/red+shift/
https://markme.ai/science/gcse/physics/aqa/radiation/ -> https://markme.ai/science/gcse/physics/aqa/radiation/
https://markme.ai/science/gcse/physics/aqa/pressure+in+fluids/ -> https://markme.ai/science/gcse/physics/aqa/pressure+in+fluids/
https://markme.ai/science/gcse/physics/aqa/forces/ -> https://markme.ai/science/gcse/physics/aqa/forces/
https://markme.ai/science/gcse/physics/aqa/moments/ -> https://markme.ai/science/gcse/physics/aqa/moments/
https://markme.ai/science/gcse/physics/aqa/motor+effect/ -> https://markme.ai/science/gcse/physics/aqa/motor+effect/
https://markme.ai/science/gcse/chemistry/aqa/synthetic+and+natural+polymers/ -> https://markme.ai/science/gcse/chemistry/aqa/synthetic+and+natural+polymers/
https://markme.ai/science/gcse/chemistry/aqa/nanoparticles/ -> https://markme.ai/science/gcse/chemistry/aqa/nanoparticles/
https://markme.ai/science/gcse/chemistry/aqa/covalent+bonding/ -> https://markme.ai/science/gcse/chemistry/aqa/covalent+bonding/
https://markme.ai/science/gcse/chemistry/aqa/identification+of+ions/ -> https://markme.ai/science/gcse/chemistry/aqa/identification+of+ions/
https://markme.ai/science/gcse/chemistry/aqa/identification+of+gases/ -> https://markme.ai/science/gcse/chemistry/aqa/identification+of+gases/
https://markme.ai/science/gcse/chemistry/aqa/potable+water/ -> https://markme.ai/science/gcse/chemistry/aqa/potable+water/
https://markme.ai/science/gcse/chemistry/aqa/evolution+of+the+atmosphere/ -> https://markme.ai/science/gcse/chemistry/aqa/evolution+of+the+atmosphere/
https://markme.ai/science/gcse/chemistry/aqa/fractional+distillation/ -> https://markme.ai/science/gcse/chemistry/aqa/fractional+distillation/
https://markme.ai/science/gcse/chemistry/aqa/titration+practical/ -> https://markme.ai/science/gcse/chemistry/aqa/titration+practical/
https://markme.ai/science/gcse/chemistry/aqa/giant+covalent/ -> https://markme.ai/science/gcse/chemistry/aqa/giant+covalent/
https://markme.ai/science/gcse/chemistry/aqa/group+1+elements/ -> https://markme.ai/science/gcse/chemistry/aqa/group+1+elements/
https://markme.ai/science/gcse/chemistry/aqa/chemical+cells+and+fuel+cells/ -> https://markme.ai/science/gcse/chemistry/aqa/chemical+cells+and+fuel+cells/
https://markme.ai/science/gcse/chemistry/aqa/electron+configuration/ -> https://markme.ai/science/gcse/chemistry/aqa/electron+configuration/
https://markme.ai/science/gcse/chemistry/aqa/bond+energy+calculations/ -> https://markme.ai/science/gcse/chemistry/aqa/bond+energy+calculations/
https://markme.ai/science/gcse/chemistry/aqa/concentration/ -> https://markme.ai/science/gcse/chemistry/aqa/concentration/
https://markme.ai/science/gcse/chemistry/aqa/reactivity+of+metals/ -> https://markme.ai/science/gcse/chemistry/aqa/reactivity+of+metals/
https://markme.ai/science/gcse/chemistry/aqa/electrolysis/ -> https://markme.ai/science/gcse/chemistry/aqa/electrolysis/
https://markme.ai/science/gcse/chemistry/aqa/reversible+reactions/ -> https://markme.ai/science/gcse/chemistry/aqa/reversible+reactions/
https://markme.ai/science/gcse/chemistry/aqa/alkenes+and+alcohols/ -> https://markme.ai/science/gcse/chemistry/aqa/alkenes+and+alcohols/
https://markme.ai/science/gcse/chemistry/aqa/group+7+elements/ -> https://markme.ai/science/gcse/chemistry/aqa/group+7+elements/
https://markme.ai/science/gcse/chemistry/aqa/le+chatelier%E2%80%99s+principle/ -> https://markme.ai/science/gcse/chemistry/aqa/le+chatelier%E2%80%99s+principle/
https://markme.ai/science/gcse/chemistry/aqa/alcohols%2C+carboxylic+acids+and+esters/ -> https://markme.ai/science/gcse/chemistry/aqa/alcohols%2C+carboxylic+acids+and+esters/
https://markme.ai/science/gcse/chemistry/aqa/materials/ -> https://markme.ai/science/gcse/chemistry/aqa/materials/
https://markme.ai/science/gcse/chemistry/aqa/metal+extraction/ -> https://markme.ai/science/gcse/chemistry/aqa/metal+extraction/
https://markme.ai/science/gcse/chemistry/aqa/reactivity+of+acids/ -> https://markme.ai/science/gcse/chemistry/aqa/reactivity+of+acids/
https://markme.ai/science/gcse/chemistry/aqa/life+cycle+assessments+and+recycling/ -> https://markme.ai/science/gcse/chemistry/aqa/life+cycle+assessments+and+recycling/
https://markme.ai/science/gcse/chemistry/aqa/relative+formula+mass/ -> https://markme.ai/science/gcse/chemistry/aqa/relative+formula+mass/
https://markme.ai/science/gcse/chemistry/aqa/gases+and+solutions/ -> https://markme.ai/science/gcse/chemistry/aqa/gases+and+solutions/
https://markme.ai/science/gcse/chemistry/aqa/pollution/ -> https://markme.ai/science/gcse/chemistry/aqa/pollution/
https://markme.ai/science/gcse/chemistry/aqa/haber+process/ -> https://markme.ai/science/gcse/chemistry/aqa/haber+process/
https://markme.ai/science/gcse/chemistry/aqa/crude+oil+or+alkanes/ -> https://markme.ai/science/gcse/chemistry/aqa/crude+oil+or+alkanes/
https://markme.ai/science/gcse/chemistry/aqa/ionic+bonding/ -> https://markme.ai/science/gcse/chemistry/aqa/ionic+bonding/
https://markme.ai/science/gcse/chemistry/aqa/periodic+table/ -> https://markme.ai/science/gcse/chemistry/aqa/periodic+table/
https://markme.ai/science/gcse/chemistry/aqa/rates+experiment/ -> https://markme.ai/science/gcse/chemistry/aqa/rates+experiment/
https://markme.ai/science/gcse/chemistry/aqa/rate+of+reaction/ -> https://markme.ai/science/gcse/chemistry/aqa/rate+of+reaction/
https://markme.ai/science/gcse/chemistry/aqa/cracking/ -> https://markme.ai/science/gcse/chemistry/aqa/cracking/
https://markme.ai/science/gcse/chemistry/aqa/purity%2C+formulations+and+chromatography/ -> https://markme.ai/science/gcse/chemistry/aqa/purity%2C+formulations+and+chromatography/
https://markme.ai/science/gcse/chemistry/aqa/endothermic+and+exothermic+reactions/ -> https://markme.ai/science/gcse/chemistry/aqa/endothermic+and+exothermic+reactions/
https://markme.ai/science/gcse/chemistry/aqa/history+of+the+atom/ -> https://markme.ai/science/gcse/chemistry/aqa/history+of+the+atom/
https://markme.ai/science/gcse/chemistry/aqa/atomic+structure/ -> https://markme.ai/science/gcse/chemistry/aqa/atomic+structure/
https://markme.ai/science/gcse/chemistry/aqa/metallic+bonding/ -> https://markme.ai/science/gcse/chemistry/aqa/metallic+bonding/
https://markme.ai/science/gcse/chemistry/aqa/atom+economy+and+percentage+yield/ -> https://markme.ai/science/gcse/chemistry/aqa/atom+economy+and+percentage+yield/
https://markme.ai/science/gcse/chemistry/aqa/separating+mixtures/ -> https://markme.ai/science/gcse/chemistry/aqa/separating+mixtures/
https://markme.ai/science/gcse/chemistry/aqa/conservation+of+mass/ -> https://markme.ai/science/gcse/chemistry/aqa/conservation+of+mass/
https://markme.ai/gcse/english-literature/aqa/19th-century-novel/22 -> https://markme.ai/gcse/english-literature/aqa/19th-century-novel/22
https://markme.ai/gcse/english-literature/aqa/modern-prose-&-drama/308 -> https://markme.ai/gcse/english-literature/aqa/modern-prose-&-drama/308
https://markme.ai/gcse/english-literature/aqa/anthology-poetry-comparison/128 -> https://markme.ai/gcse/english-literature/aqa/anthology-poetry-comparison/128
https://markme.ai/gcse/english-literature/aqa/19th-century-novel/25 -> https://markme.ai/gcse/english-literature/aqa/19th-century-novel/25
https://markme.ai/gcse/english-literature/aqa/modern-prose-&-drama/162 -> https://markme.ai/gcse/english-literature/aqa/modern-prose-&-drama/162
https://markme.ai/gcse/english-literature/aqa/modern-prose-&-drama/256 -> https://markme.ai/gcse/english-literature/aqa/modern-prose-&-drama/256
https://markme.ai/gcse/english-literature/aqa/shakespeare/134 -> https://markme.ai/gcse/english-literature/aqa/shakespeare/134
https://markme.ai/gcse/english-literature/aqa/modern-prose-&-drama/36 -> https://markme.ai/gcse/english-literature/aqa/modern-prose-&-drama/36
https://markme.ai/gcse/english-literature/aqa/modern-prose-&-drama/242 -> https://markme.ai/gcse/english-literature/aqa/modern-prose-&-drama/242
https://markme.ai/gcse/english-literature/aqa/modern-prose-&-drama/158 -> https://markme.ai/gcse/english-literature/aqa/modern-prose-&-drama/158
https://markme.ai/gcse/english-literature/aqa/modern-prose-&-drama/34 -> https://markme.ai/gcse/english-literature/aqa/modern-prose-&-drama/34
https://markme.ai/gcse/english-literature/aqa/shakespeare/133 -> https://markme.ai/gcse/english-literature/aqa/shakespeare/133
https://markme.ai/gcse/english-literature/aqa/modern-prose-&-drama/40 -> https://markme.ai/gcse/english-literature/aqa/modern-prose-&-drama/40
https://markme.ai/gcse/english-literature/aqa/19th-century-novel/125 -> https://markme.ai/gcse/english-literature/aqa/19th-century-novel/125
https://markme.ai/gcse/english-literature/aqa/shakespeare/208 -> https://markme.ai/gcse/english-literature/aqa/shakespeare/208
https://markme.ai/gcse/english-literature/aqa/modern-prose-&-drama/291 -> https://markme.ai/gcse/english-literature/aqa/modern-prose-&-drama/291
https://markme.ai/gcse/english-literature/aqa/modern-prose-&-drama/252 -> https://markme.ai/gcse/english-literature/aqa/modern-prose-&-drama/252
https://markme.ai/gcse/english-literature/aqa/modern-prose-&-drama/75 -> https://markme.ai/gcse/english-literature/aqa/modern-prose-&-drama/75
https://markme.ai/gcse/english-literature/aqa/modern-prose-&-drama/276 -> https://markme.ai/gcse/english-literature/aqa/modern-prose-&-drama/276
https://markme.ai/gcse/english-literature/aqa/modern-prose-&-drama/239 -> https://markme.ai/gcse/english-literature/aqa/modern-prose-&-drama/239
https://markme.ai/gcse/english-literature/aqa/19th-century-novel/212 -> https://markme.ai/gcse/english-literature/aqa/19th-century-novel/212
https://markme.ai/gcse/english-literature/aqa/modern-prose-&-drama/108 -> https://markme.ai/gcse/english-literature/aqa/modern-prose-&-drama/108
https://markme.ai/gcse/english-literature/aqa/modern-prose-&-drama/306 -> https://markme.ai/gcse/english-literature/aqa/modern-prose-&-drama/306
https://markme.ai/gcse/english-literature/aqa/modern-prose-&-drama/110 -> https://markme.ai/gcse/english-literature/aqa/modern-prose-&-drama/110
https://markme.ai/gcse/english-literature/aqa/modern-prose-&-drama/294 -> https://markme.ai/gcse/english-literature/aqa/modern-prose-&-drama/294
https://markme.ai/gcse/english-literature/aqa/modern-prose-&-drama/268 -> https://markme.ai/gcse/english-literature/aqa/modern-prose-&-drama/268
https://markme.ai/gcse/english-literature/aqa/modern-prose-&-drama/322 -> https://markme.ai/gcse/english-literature/aqa/modern-prose-&-drama/322
https://markme.ai/gcse/english-literature/aqa/19th-century-novel/223 -> https://markme.ai/gcse/english-literature/aqa/19th-century-novel/223
https://markme.ai/gcse/english-literature/aqa/modern-prose-&-drama/77 -> https://markme.ai/gcse/english-literature/aqa/modern-prose-&-drama/77
https://markme.ai/gcse/english-literature/aqa/19th-century-novel/150 -> https://markme.ai/gcse/english-literature/aqa/19th-century-novel/150
https://markme.ai/gcse/english-literature/aqa/shakespeare/92 -> https://markme.ai/gcse/english-literature/aqa/shakespeare/92
https://markme.ai/gcse/english-literature/aqa/shakespeare/89 -> https://markme.ai/gcse/english-literature/aqa/shakespeare/89
https://markme.ai/gcse/english-literature/aqa/modern-prose-&-drama/321 -> https://markme.ai/gcse/english-literature/aqa/modern-prose-&-drama/321
https://markme.ai/gcse/english-literature/aqa/19th-century-novel/81 -> https://markme.ai/gcse/english-literature/aqa/19th-century-novel/81
https://markme.ai/gcse/english-literature/aqa/modern-prose-&-drama/270 -> https://markme.ai/gcse/english-literature/aqa/modern-prose-&-drama/270
https://markme.ai/gcse/english-literature/aqa/modern-prose-&-drama/118 -> https://markme.ai/gcse/english-literature/aqa/modern-prose-&-drama/118
https://markme.ai/gcse/english-literature/aqa/modern-prose-&-drama/302 -> https://markme.ai/gcse/english-literature/aqa/modern-prose-&-drama/302
https://markme.ai/gcse/english-literature/aqa/modern-prose-&-drama/47 -> https://markme.ai/gcse/english-literature/aqa/modern-prose-&-drama/47
https://markme.ai/gcse/english-literature/aqa/modern-prose-&-drama/42 -> https://markme.ai/gcse/english-literature/aqa/modern-prose-&-drama/42
https://markme.ai/gcse/english-literature/aqa/19th-century-novel/226 -> https://markme.ai/gcse/english-literature/aqa/19th-century-novel/226
https://markme.ai/gcse/english-literature/aqa/unseen-poetry/53 -> https://markme.ai/gcse/english-literature/aqa/unseen-poetry/53
https://markme.ai/gcse/english-literature/aqa/shakespeare/195 -> https://markme.ai/gcse/english-literature/aqa/shakespeare/195
https://markme.ai/gcse/english-literature/aqa/modern-prose-&-drama/281 -> https://markme.ai/gcse/english-literature/aqa/modern-prose-&-drama/281
https://markme.ai/gcse/english-literature/aqa/modern-prose-&-drama/250 -> https://markme.ai/gcse/english-literature/aqa/modern-prose-&-drama/250
https://markme.ai/gcse/english-literature/aqa/modern-prose-&-drama/303 -> https://markme.ai/gcse/english-literature/aqa/modern-prose-&-drama/303
https://markme.ai/gcse/english-literature/aqa/shakespeare/14 -> https://markme.ai/gcse/english-literature/aqa/shakespeare/14
https://markme.ai/gcse/english-literature/aqa/modern-prose-&-drama/259 -> https://markme.ai/gcse/english-literature/aqa/modern-prose-&-drama/259
https://markme.ai/gcse/english-literature/aqa/modern-prose-&-drama/277 -> https://markme.ai/gcse/english-literature/aqa/modern-prose-&-drama/277
https://markme.ai/gcse/english-literature/aqa/anthology-poetry-comparison/87 -> https://markme.ai/gcse/english-literature/aqa/anthology-poetry-comparison/87
https://markme.ai/gcse/english-literature/aqa/modern-prose-&-drama/62 -> https://markme.ai/gcse/english-literature/aqa/modern-prose-&-drama/62
https://markme.ai/gcse/english-literature/aqa/unseen-poetry-comparison/137 -> https://markme.ai/gcse/english-literature/aqa/unseen-poetry-comparison/137
https://markme.ai/gcse/english-literature/aqa/modern-prose-&-drama/71 -> https://markme.ai/gcse/english-literature/aqa/modern-prose-&-drama/71
https://markme.ai/gcse/english-literature/aqa/shakespeare/193 -> https://markme.ai/gcse/english-literature/aqa/shakespeare/193
https://markme.ai/gcse/english-literature/aqa/modern-prose-&-drama/288 -> https://markme.ai/gcse/english-literature/aqa/modern-prose-&-drama/288
https://markme.ai/gcse/english-literature/aqa/19th-century-novel/26 -> https://markme.ai/gcse/english-literature/aqa/19th-century-novel/26
https://markme.ai/gcse/english-literature/aqa/anthology-poetry-comparison/86 -> https://markme.ai/gcse/english-literature/aqa/anthology-poetry-comparison/86
https://markme.ai/gcse/english-literature/aqa/modern-prose-&-drama/68 -> https://markme.ai/gcse/english-literature/aqa/modern-prose-&-drama/68
https://markme.ai/gcse/english-literature/aqa/shakespeare/17 -> https://markme.ai/gcse/english-literature/aqa/shakespeare/17
https://markme.ai/gcse/english-literature/aqa/modern-prose-&-drama/156 -> https://markme.ai/gcse/english-literature/aqa/modern-prose-&-drama/156
https://markme.ai/gcse/english-literature/aqa/modern-prose-&-drama/248 -> https://markme.ai/gcse/english-literature/aqa/modern-prose-&-drama/248
https://markme.ai/gcse/english-literature/aqa/19th-century-novel/124 -> https://markme.ai/gcse/english-literature/aqa/19th-century-novel/124
https://markme.ai/gcse/english-literature/aqa/modern-prose-&-drama/237 -> https://markme.ai/gcse/english-literature/aqa/modern-prose-&-drama/237
https://markme.ai/gcse/english-literature/aqa/19th-century-novel/227 -> https://markme.ai/gcse/english-literature/aqa/19th-century-novel/227
https://markme.ai/gcse/english-literature/aqa/modern-prose-&-drama/166 -> https://markme.ai/gcse/english-literature/aqa/modern-prose-&-drama/166
https://markme.ai/gcse/english-literature/aqa/modern-prose-&-drama/253 -> https://markme.ai/gcse/english-literature/aqa/modern-prose-&-drama/253
https://markme.ai/gcse/english-literature/aqa/modern-prose-&-drama/317 -> https://markme.ai/gcse/english-literature/aqa/modern-prose-&-drama/317
https://markme.ai/gcse/english-literature/aqa/modern-prose-&-drama/311 -> https://markme.ai/gcse/english-literature/aqa/modern-prose-&-drama/311
https://markme.ai/gcse/english-literature/aqa/modern-prose-&-drama/280 -> https://markme.ai/gcse/english-literature/aqa/modern-prose-&-drama/280
https://markme.ai/gcse/english-literature/aqa/19th-century-novel/145 -> https://markme.ai/gcse/english-literature/aqa/19th-century-novel/145
https://markme.ai/gcse/english-literature/aqa/modern-prose-&-drama/231 -> https://markme.ai/gcse/english-literature/aqa/modern-prose-&-drama/231
https://markme.ai/gcse/english-literature/aqa/19th-century-novel/199 -> https://markme.ai/gcse/english-literature/aqa/19th-century-novel/199
https://markme.ai/gcse/english-literature/aqa/modern-prose-&-drama/106 -> https://markme.ai/gcse/english-literature/aqa/modern-prose-&-drama/106
https://markme.ai/gcse/english-literature/aqa/19th-century-novel/211 -> https://markme.ai/gcse/english-literature/aqa/19th-century-novel/211
https://markme.ai/gcse/english-literature/aqa/modern-prose-&-drama/153 -> https://markme.ai/gcse/english-literature/aqa/modern-prose-&-drama/153
https://markme.ai/gcse/english-literature/aqa/19th-century-novel/146 -> https://markme.ai/gcse/english-literature/aqa/19th-century-novel/146
https://markme.ai/gcse/english-literature/aqa/modern-prose-&-drama/245 -> https://markme.ai/gcse/english-literature/aqa/modern-prose-&-drama/245
https://markme.ai/gcse/english-literature/aqa/modern-prose-&-drama/111 -> https://markme.ai/gcse/english-literature/aqa/modern-prose-&-drama/111
https://markme.ai/gcse/english-literature/aqa/19th-century-novel/203 -> https://markme.ai/gcse/english-literature/aqa/19th-century-novel/203
https://markme.ai/gcse/english-literature/aqa/modern-prose-&-drama/263 -> https://markme.ai/gcse/english-literature/aqa/modern-prose-&-drama/263
https://markme.ai/gcse/english-literature/aqa/modern-prose-&-drama/43 -> https://markme.ai/gcse/english-literature/aqa/modern-prose-&-drama/43
https://markme.ai/gcse/english-literature/aqa/anthology-poetry-comparison/51 -> https://markme.ai/gcse/english-literature/aqa/anthology-poetry-comparison/51
https://markme.ai/gcse/english-literature/aqa/19th-century-novel/187 -> https://markme.ai/gcse/english-literature/aqa/19th-century-novel/187
https://markme.ai/gcse/english-literature/aqa/modern-prose-&-drama/316 -> https://markme.ai/gcse/english-literature/aqa/modern-prose-&-drama/316
https://markme.ai/gcse/english-literature/aqa/shakespeare/179 -> https://markme.ai/gcse/english-literature/aqa/shakespeare/179
https://markme.ai/gcse/english-literature/aqa/modern-prose-&-drama/282 -> https://markme.ai/gcse/english-literature/aqa/modern-prose-&-drama/282
https://markme.ai/gcse/english-literature/aqa/shakespeare/15 -> https://markme.ai/gcse/english-literature/aqa/shakespeare/15
https://markme.ai/gcse/english-literature/aqa/modern-prose-&-drama/67 -> https://markme.ai/gcse/english-literature/aqa/modern-prose-&-drama/67
https://markme.ai/gcse/english-literature/aqa/19th-century-novel/228 -> https://markme.ai/gcse/english-literature/aqa/19th-century-novel/228
https://markme.ai/gcse/english-literature/aqa/modern-prose-&-drama/104 -> https://markme.ai/gcse/english-literature/aqa/modern-prose-&-drama/104
https://markme.ai/gcse/english-literature/aqa/modern-prose-&-drama/114 -> https://markme.ai/gcse/english-literature/aqa/modern-prose-&-drama/114
https://markme.ai/gcse/english-literature/aqa/modern-prose-&-drama/160 -> https://markme.ai/gcse/english-literature/aqa/modern-prose-&-drama/160
https://markme.ai/gcse/english-literature/aqa/modern-prose-&-drama/173 -> https://markme.ai/gcse/english-literature/aqa/modern-prose-&-drama/173
https://markme.ai/gcse/english-literature/aqa/modern-prose-&-drama/32 -> https://markme.ai/gcse/english-literature/aqa/modern-prose-&-drama/32
https://markme.ai/gcse/english-literature/aqa/shakespeare/18 -> https://markme.ai/gcse/english-literature/aqa/shakespeare/18
https://markme.ai/gcse/english-literature/aqa/modern-prose-&-drama/324 -> https://markme.ai/gcse/english-literature/aqa/modern-prose-&-drama/324
https://markme.ai/gcse/english-literature/aqa/shakespeare/206 -> https://markme.ai/gcse/english-literature/aqa/shakespeare/206
https://markme.ai/gcse/english-literature/aqa/modern-prose-&-drama/297 -> https://markme.ai/gcse/english-literature/aqa/modern-prose-&-drama/297
https://markme.ai/gcse/english-literature/aqa/modern-prose-&-drama/39 -> https://markme.ai/gcse/english-literature/aqa/modern-prose-&-drama/39
https://markme.ai/gcse/english-literature/aqa/modern-prose-&-drama/283 -> https://markme.ai/gcse/english-literature/aqa/modern-prose-&-drama/283
https://markme.ai/gcse/english-literature/aqa/unseen-poetry-comparison/95 -> https://markme.ai/gcse/english-literature/aqa/unseen-poetry-comparison/95
https://markme.ai/gcse/english-literature/aqa/modern-prose-&-drama/269 -> https://markme.ai/gcse/english-literature/aqa/modern-prose-&-drama/269
https://markme.ai/gcse/english-literature/aqa/modern-prose-&-drama/285 -> https://markme.ai/gcse/english-literature/aqa/modern-prose-&-drama/285
https://markme.ai/gcse/english-literature/aqa/modern-prose-&-drama/45 -> https://markme.ai/gcse/english-literature/aqa/modern-prose-&-drama/45
https://markme.ai/gcse/english-literature/aqa/modern-prose-&-drama/292 -> https://markme.ai/gcse/english-literature/aqa/modern-prose-&-drama/292
https://markme.ai/gcse/english-literature/aqa/modern-prose-&-drama/103 -> https://markme.ai/gcse/english-literature/aqa/modern-prose-&-drama/103
https://markme.ai/gcse/english-literature/aqa/shakespeare/19 -> https://markme.ai/gcse/english-literature/aqa/shakespeare/19
https://markme.ai/gcse/english-literature/aqa/19th-century-novel/149 -> https://markme.ai/gcse/english-literature/aqa/19th-century-novel/149
https://markme.ai/gcse/english-literature/aqa/modern-prose-&-drama/307 -> https://markme.ai/gcse/english-literature/aqa/modern-prose-&-drama/307
https://markme.ai/gcse/english-literature/aqa/19th-century-novel/20 -> https://markme.ai/gcse/english-literature/aqa/19th-century-novel/20
https://markme.ai/gcse/english-literature/aqa/modern-prose-&-drama/232 -> https://markme.ai/gcse/english-literature/aqa/modern-prose-&-drama/232
https://markme.ai/gcse/english-literature/aqa/shakespeare/220 -> https://markme.ai/gcse/english-literature/aqa/shakespeare/220
https://markme.ai/gcse/english-literature/aqa/modern-prose-&-drama/244 -> https://markme.ai/gcse/english-literature/aqa/modern-prose-&-drama/244
https://markme.ai/gcse/english-literature/aqa/modern-prose-&-drama/233 -> https://markme.ai/gcse/english-literature/aqa/modern-prose-&-drama/233
https://markme.ai/gcse/english-literature/aqa/modern-prose-&-drama/255 -> https://markme.ai/gcse/english-literature/aqa/modern-prose-&-drama/255
https://markme.ai/gcse/english-literature/aqa/19th-century-novel/198 -> https://markme.ai/gcse/english-literature/aqa/19th-century-novel/198
https://markme.ai/gcse/english-literature/aqa/modern-prose-&-drama/257 -> https://markme.ai/gcse/english-literature/aqa/modern-prose-&-drama/257
https://markme.ai/gcse/english-literature/aqa/modern-prose-&-drama/69 -> https://markme.ai/gcse/english-literature/aqa/modern-prose-&-drama/69
https://markme.ai/gcse/english-literature/aqa/modern-prose-&-drama/99 -> https://markme.ai/gcse/english-literature/aqa/modern-prose-&-drama/99
https://markme.ai/gcse/english-literature/aqa/modern-prose-&-drama/258 -> https://markme.ai/gcse/english-literature/aqa/modern-prose-&-drama/258
https://markme.ai/gcse/english-literature/aqa/modern-prose-&-drama/100 -> https://markme.ai/gcse/english-literature/aqa/modern-prose-&-drama/100
https://markme.ai/gcse/english-literature/aqa/modern-prose-&-drama/115 -> https://markme.ai/gcse/english-literature/aqa/modern-prose-&-drama/115
https://markme.ai/gcse/english-literature/aqa/modern-prose-&-drama/320 -> https://markme.ai/gcse/english-literature/aqa/modern-prose-&-drama/320
https://markme.ai/gcse/english-literature/aqa/modern-prose-&-drama/78 -> https://markme.ai/gcse/english-literature/aqa/modern-prose-&-drama/78
https://markme.ai/gcse/english-literature/aqa/modern-prose-&-drama/74 -> https://markme.ai/gcse/english-literature/aqa/modern-prose-&-drama/74
https://markme.ai/gcse/english-literature/aqa/modern-prose-&-drama/164 -> https://markme.ai/gcse/english-literature/aqa/modern-prose-&-drama/164
https://markme.ai/gcse/english-literature/aqa/shakespeare/130 -> https://markme.ai/gcse/english-literature/aqa/shakespeare/130
https://markme.ai/gcse/english-literature/aqa/19th-century-novel/121 -> https://markme.ai/gcse/english-literature/aqa/19th-century-novel/121
https://markme.ai/gcse/english-literature/aqa/modern-prose-&-drama/44 -> https://markme.ai/gcse/english-literature/aqa/modern-prose-&-drama/44
https://markme.ai/gcse/english-literature/aqa/modern-prose-&-drama/279 -> https://markme.ai/gcse/english-literature/aqa/modern-prose-&-drama/279
https://markme.ai/gcse/english-literature/aqa/shakespeare/180 -> https://markme.ai/gcse/english-literature/aqa/shakespeare/180
https://markme.ai/gcse/english-literature/aqa/19th-century-novel/83 -> https://markme.ai/gcse/english-literature/aqa/19th-century-novel/83
https://markme.ai/gcse/english-literature/aqa/modern-prose-&-drama/165 -> https://markme.ai/gcse/english-literature/aqa/modern-prose-&-drama/165
https://markme.ai/gcse/english-literature/aqa/19th-century-novel/122 -> https://markme.ai/gcse/english-literature/aqa/19th-century-novel/122
https://markme.ai/gcse/english-literature/aqa/modern-prose-&-drama/152 -> https://markme.ai/gcse/english-literature/aqa/modern-prose-&-drama/152
https://markme.ai/gcse/english-literature/aqa/shakespeare/222 -> https://markme.ai/gcse/english-literature/aqa/shakespeare/222
https://markme.ai/gcse/english-literature/aqa/modern-prose-&-drama/301 -> https://markme.ai/gcse/english-literature/aqa/modern-prose-&-drama/301
https://markme.ai/gcse/english-literature/aqa/modern-prose-&-drama/170 -> https://markme.ai/gcse/english-literature/aqa/modern-prose-&-drama/170
https://markme.ai/gcse/english-literature/aqa/shakespeare/182 -> https://markme.ai/gcse/english-literature/aqa/shakespeare/182
https://markme.ai/gcse/english-literature/aqa/modern-prose-&-drama/157 -> https://markme.ai/gcse/english-literature/aqa/modern-prose-&-drama/157
https://markme.ai/gcse/english-literature/aqa/unseen-poetry/177 -> https://markme.ai/gcse/english-literature/aqa/unseen-poetry/177
https://markme.ai/gcse/english-literature/aqa/modern-prose-&-drama/319 -> https://markme.ai/gcse/english-literature/aqa/modern-prose-&-drama/319
https://markme.ai/gcse/english-literature/aqa/modern-prose-&-drama/315 -> https://markme.ai/gcse/english-literature/aqa/modern-prose-&-drama/315
https://markme.ai/gcse/english-literature/aqa/modern-prose-&-drama/35 -> https://markme.ai/gcse/english-literature/aqa/modern-prose-&-drama/35
https://markme.ai/gcse/english-literature/aqa/modern-prose-&-drama/76 -> https://markme.ai/gcse/english-literature/aqa/modern-prose-&-drama/76
https://markme.ai/gcse/english-literature/aqa/modern-prose-&-drama/30 -> https://markme.ai/gcse/english-literature/aqa/modern-prose-&-drama/30
https://markme.ai/gcse/english-literature/aqa/modern-prose-&-drama/236 -> https://markme.ai/gcse/english-literature/aqa/modern-prose-&-drama/236
https://markme.ai/gcse/english-literature/aqa/19th-century-novel/185 -> https://markme.ai/gcse/english-literature/aqa/19th-century-novel/185
https://markme.ai/gcse/english-literature/aqa/modern-prose-&-drama/289 -> https://markme.ai/gcse/english-literature/aqa/modern-prose-&-drama/289
https://markme.ai/gcse/english-literature/aqa/19th-century-novel/84 -> https://markme.ai/gcse/english-literature/aqa/19th-century-novel/84
https://markme.ai/gcse/english-literature/aqa/shakespeare/221 -> https://markme.ai/gcse/english-literature/aqa/shakespeare/221
https://markme.ai/gcse/english-literature/aqa/modern-prose-&-drama/241 -> https://markme.ai/gcse/english-literature/aqa/modern-prose-&-drama/241
https://markme.ai/gcse/english-literature/aqa/19th-century-novel/216 -> https://markme.ai/gcse/english-literature/aqa/19th-century-novel/216
https://markme.ai/gcse/english-literature/aqa/shakespeare/196 -> https://markme.ai/gcse/english-literature/aqa/shakespeare/196
https://markme.ai/gcse/english-literature/aqa/modern-prose-&-drama/168 -> https://markme.ai/gcse/english-literature/aqa/modern-prose-&-drama/168
https://markme.ai/gcse/english-literature/aqa/unseen-poetry/94 -> https://markme.ai/gcse/english-literature/aqa/unseen-poetry/94
https://markme.ai/gcse/english-literature/aqa/modern-prose-&-drama/261 -> https://markme.ai/gcse/english-literature/aqa/modern-prose-&-drama/261
https://markme.ai/gcse/english-literature/aqa/shakespeare/194 -> https://markme.ai/gcse/english-literature/aqa/shakespeare/194
https://markme.ai/gcse/english-literature/aqa/modern-prose-&-drama/72 -> https://markme.ai/gcse/english-literature/aqa/modern-prose-&-drama/72
https://markme.ai/gcse/english-literature/aqa/modern-prose-&-drama/64 -> https://markme.ai/gcse/english-literature/aqa/modern-prose-&-drama/64
https://markme.ai/gcse/english-literature/aqa/modern-prose-&-drama/38 -> https://markme.ai/gcse/english-literature/aqa/modern-prose-&-drama/38
https://markme.ai/gcse/english-literature/aqa/modern-prose-&-drama/70 -> https://markme.ai/gcse/english-literature/aqa/modern-prose-&-drama/70
https://markme.ai/gcse/english-literature/aqa/modern-prose-&-drama/247 -> https://markme.ai/gcse/english-literature/aqa/modern-prose-&-drama/247
https://markme.ai/gcse/english-literature/aqa/modern-prose-&-drama/102 -> https://markme.ai/gcse/english-literature/aqa/modern-prose-&-drama/102
https://markme.ai/gcse/english-literature/aqa/modern-prose-&-drama/305 -> https://markme.ai/gcse/english-literature/aqa/modern-prose-&-drama/305
https://markme.ai/gcse/english-literature/aqa/modern-prose-&-drama/46 -> https://markme.ai/gcse/english-literature/aqa/modern-prose-&-drama/46
https://markme.ai/gcse/english-literature/aqa/modern-prose-&-drama/278 -> https://markme.ai/gcse/english-literature/aqa/modern-prose-&-drama/278
https://markme.ai/gcse/english-literature/aqa/modern-prose-&-drama/98 -> https://markme.ai/gcse/english-literature/aqa/modern-prose-&-drama/98
https://markme.ai/gcse/english-literature/aqa/modern-prose-&-drama/172 -> https://markme.ai/gcse/english-literature/aqa/modern-prose-&-drama/172
https://markme.ai/gcse/english-literature/aqa/modern-prose-&-drama/117 -> https://markme.ai/gcse/english-literature/aqa/modern-prose-&-drama/117
https://markme.ai/gcse/english-literature/aqa/19th-century-novel/189 -> https://markme.ai/gcse/english-literature/aqa/19th-century-novel/189
https://markme.ai/gcse/english-literature/aqa/shakespeare/181 -> https://markme.ai/gcse/english-literature/aqa/shakespeare/181
https://markme.ai/gcse/english-literature/aqa/modern-prose-&-drama/56 -> https://markme.ai/gcse/english-literature/aqa/modern-prose-&-drama/56
https://markme.ai/gcse/english-literature/aqa/modern-prose-&-drama/107 -> https://markme.ai/gcse/english-literature/aqa/modern-prose-&-drama/107
https://markme.ai/gcse/english-literature/aqa/modern-prose-&-drama/151 -> https://markme.ai/gcse/english-literature/aqa/modern-prose-&-drama/151
https://markme.ai/gcse/english-literature/aqa/shakespeare/93 -> https://markme.ai/gcse/english-literature/aqa/shakespeare/93
https://markme.ai/gcse/english-literature/aqa/modern-prose-&-drama/299 -> https://markme.ai/gcse/english-literature/aqa/modern-prose-&-drama/299
https://markme.ai/gcse/english-literature/aqa/19th-century-novel/200 -> https://markme.ai/gcse/english-literature/aqa/19th-century-novel/200
https://markme.ai/gcse/english-literature/aqa/modern-prose-&-drama/296 -> https://markme.ai/gcse/english-literature/aqa/modern-prose-&-drama/296
https://markme.ai/gcse/english-literature/aqa/modern-prose-&-drama/314 -> https://markme.ai/gcse/english-literature/aqa/modern-prose-&-drama/314
https://markme.ai/gcse/english-literature/aqa/modern-prose-&-drama/254 -> https://markme.ai/gcse/english-literature/aqa/modern-prose-&-drama/254
https://markme.ai/gcse/english-literature/aqa/anthology-poetry-comparison/129 -> https://markme.ai/gcse/english-literature/aqa/anthology-poetry-comparison/129
https://markme.ai/gcse/english-literature/aqa/shakespeare/140 -> https://markme.ai/gcse/english-literature/aqa/shakespeare/140
https://markme.ai/gcse/english-literature/aqa/19th-century-novel/229 -> https://markme.ai/gcse/english-literature/aqa/19th-century-novel/229
https://markme.ai/gcse/english-literature/aqa/modern-prose-&-drama/65 -> https://markme.ai/gcse/english-literature/aqa/modern-prose-&-drama/65
https://markme.ai/gcse/english-literature/aqa/modern-prose-&-drama/266 -> https://markme.ai/gcse/english-literature/aqa/modern-prose-&-drama/266
https://markme.ai/gcse/english-literature/aqa/shakespeare/139 -> https://markme.ai/gcse/english-literature/aqa/shakespeare/139
https://markme.ai/gcse/english-literature/aqa/modern-prose-&-drama/313 -> https://markme.ai/gcse/english-literature/aqa/modern-prose-&-drama/313
https://markme.ai/gcse/english-literature/aqa/modern-prose-&-drama/290 -> https://markme.ai/gcse/english-literature/aqa/modern-prose-&-drama/290
https://markme.ai/gcse/english-literature/aqa/shakespeare/132 -> https://markme.ai/gcse/english-literature/aqa/shakespeare/132
https://markme.ai/gcse/english-literature/aqa/19th-century-novel/190 -> https://markme.ai/gcse/english-literature/aqa/19th-century-novel/190
https://markme.ai/gcse/english-literature/aqa/modern-prose-&-drama/154 -> https://markme.ai/gcse/english-literature/aqa/modern-prose-&-drama/154
https://markme.ai/gcse/english-literature/aqa/modern-prose-&-drama/41 -> https://markme.ai/gcse/english-literature/aqa/modern-prose-&-drama/41
https://markme.ai/gcse/english-literature/aqa/modern-prose-&-drama/167 -> https://markme.ai/gcse/english-literature/aqa/modern-prose-&-drama/167
https://markme.ai/gcse/english-literature/aqa/modern-prose-&-drama/29 -> https://markme.ai/gcse/english-literature/aqa/modern-prose-&-drama/29
https://markme.ai/gcse/english-literature/aqa/modern-prose-&-drama/113 -> https://markme.ai/gcse/english-literature/aqa/modern-prose-&-drama/113
https://markme.ai/gcse/english-literature/aqa/modern-prose-&-drama/55 -> https://markme.ai/gcse/english-literature/aqa/modern-prose-&-drama/55
https://markme.ai/gcse/english-literature/aqa/modern-prose-&-drama/155 -> https://markme.ai/gcse/english-literature/aqa/modern-prose-&-drama/155
https://markme.ai/gcse/english-literature/aqa/19th-century-novel/214 -> https://markme.ai/gcse/english-literature/aqa/19th-century-novel/214
https://markme.ai/gcse/english-literature/aqa/shakespeare/142 -> https://markme.ai/gcse/english-literature/aqa/shakespeare/142
https://markme.ai/gcse/english-literature/aqa/modern-prose-&-drama/243 -> https://markme.ai/gcse/english-literature/aqa/modern-prose-&-drama/243
https://markme.ai/gcse/english-literature/aqa/19th-century-novel/224 -> https://markme.ai/gcse/english-literature/aqa/19th-century-novel/224
https://markme.ai/gcse/english-literature/aqa/19th-century-novel/202 -> https://markme.ai/gcse/english-literature/aqa/19th-century-novel/202
https://markme.ai/gcse/english-literature/aqa/modern-prose-&-drama/96 -> https://markme.ai/gcse/english-literature/aqa/modern-prose-&-drama/96
https://markme.ai/gcse/english-literature/aqa/19th-century-novel/85 -> https://markme.ai/gcse/english-literature/aqa/19th-century-novel/85
https://markme.ai/gcse/english-literature/aqa/19th-century-novel/24 -> https://markme.ai/gcse/english-literature/aqa/19th-century-novel/24
https://markme.ai/gcse/english-literature/aqa/modern-prose-&-drama/31 -> https://markme.ai/gcse/english-literature/aqa/modern-prose-&-drama/31
https://markme.ai/gcse/english-literature/aqa/19th-century-novel/147 -> https://markme.ai/gcse/english-literature/aqa/19th-century-novel/147
https://markme.ai/gcse/english-literature/aqa/modern-prose-&-drama/37 -> https://markme.ai/gcse/english-literature/aqa/modern-prose-&-drama/37
https://markme.ai/gcse/english-literature/aqa/modern-prose-&-drama/163 -> https://markme.ai/gcse/english-literature/aqa/modern-prose-&-drama/163
https://markme.ai/gcse/english-literature/aqa/19th-century-novel/123 -> https://markme.ai/gcse/english-literature/aqa/19th-century-novel/123
https://markme.ai/gcse/english-literature/aqa/19th-century-novel/210 -> https://markme.ai/gcse/english-literature/aqa/19th-century-novel/210
https://markme.ai/gcse/english-literature/aqa/19th-century-novel/201 -> https://markme.ai/gcse/english-literature/aqa/19th-century-novel/201
https://markme.ai/gcse/english-literature/aqa/modern-prose-&-drama/97 -> https://markme.ai/gcse/english-literature/aqa/modern-prose-&-drama/97
https://markme.ai/gcse/english-literature/aqa/shakespeare/209 -> https://markme.ai/gcse/english-literature/aqa/shakespeare/209
https://markme.ai/gcse/english-literature/aqa/modern-prose-&-drama/287 -> https://markme.ai/gcse/english-literature/aqa/modern-prose-&-drama/287
https://markme.ai/gcse/english-literature/aqa/19th-century-novel/188 -> https://markme.ai/gcse/english-literature/aqa/19th-century-novel/188
https://markme.ai/gcse/english-literature/aqa/modern-prose-&-drama/267 -> https://markme.ai/gcse/english-literature/aqa/modern-prose-&-drama/267
https://markme.ai/gcse/english-literature/aqa/shakespeare/184 -> https://markme.ai/gcse/english-literature/aqa/shakespeare/184
https://markme.ai/gcse/english-literature/aqa/modern-prose-&-drama/27 -> https://markme.ai/gcse/english-literature/aqa/modern-prose-&-drama/27
https://markme.ai/gcse/english-literature/aqa/modern-prose-&-drama/265 -> https://markme.ai/gcse/english-literature/aqa/modern-prose-&-drama/265
https://markme.ai/gcse/english-literature/aqa/19th-century-novel/215 -> https://markme.ai/gcse/english-literature/aqa/19th-century-novel/215
https://markme.ai/gcse/english-literature/aqa/unseen-poetry-comparison/54 -> https://markme.ai/gcse/english-literature/aqa/unseen-poetry-comparison/54
https://markme.ai/gcse/english-literature/aqa/modern-prose-&-drama/318 -> https://markme.ai/gcse/english-literature/aqa/modern-prose-&-drama/318
https://markme.ai/gcse/english-literature/aqa/shakespeare/138 -> https://markme.ai/gcse/english-literature/aqa/shakespeare/138
https://markme.ai/gcse/english-literature/aqa/modern-prose-&-drama/230 -> https://markme.ai/gcse/english-literature/aqa/modern-prose-&-drama/230
https://markme.ai/gcse/english-literature/aqa/modern-prose-&-drama/159 -> https://markme.ai/gcse/english-literature/aqa/modern-prose-&-drama/159
https://markme.ai/gcse/english-literature/aqa/19th-century-novel/79 -> https://markme.ai/gcse/english-literature/aqa/19th-century-novel/79
https://markme.ai/gcse/english-literature/aqa/modern-prose-&-drama/273 -> https://markme.ai/gcse/english-literature/aqa/modern-prose-&-drama/273
https://markme.ai/gcse/english-literature/aqa/modern-prose-&-drama/309 -> https://markme.ai/gcse/english-literature/aqa/modern-prose-&-drama/309
https://markme.ai/gcse/english-literature/aqa/modern-prose-&-drama/286 -> https://markme.ai/gcse/english-literature/aqa/modern-prose-&-drama/286
https://markme.ai/gcse/english-literature/aqa/shakespeare/218 -> https://markme.ai/gcse/english-literature/aqa/shakespeare/218
https://markme.ai/gcse/english-literature/aqa/modern-prose-&-drama/57 -> https://markme.ai/gcse/english-literature/aqa/modern-prose-&-drama/57
https://markme.ai/gcse/english-literature/aqa/shakespeare/217 -> https://markme.ai/gcse/english-literature/aqa/shakespeare/217
https://markme.ai/gcse/english-literature/aqa/modern-prose-&-drama/101 -> https://markme.ai/gcse/english-literature/aqa/modern-prose-&-drama/101
https://markme.ai/gcse/english-literature/aqa/modern-prose-&-drama/174 -> https://markme.ai/gcse/english-literature/aqa/modern-prose-&-drama/174
https://markme.ai/gcse/english-literature/aqa/modern-prose-&-drama/240 -> https://markme.ai/gcse/english-literature/aqa/modern-prose-&-drama/240
https://markme.ai/gcse/english-literature/aqa/modern-prose-&-drama/251 -> https://markme.ai/gcse/english-literature/aqa/modern-prose-&-drama/251
https://markme.ai/gcse/english-literature/aqa/modern-prose-&-drama/272 -> https://markme.ai/gcse/english-literature/aqa/modern-prose-&-drama/272
https://markme.ai/gcse/english-literature/aqa/modern-prose-&-drama/171 -> https://markme.ai/gcse/english-literature/aqa/modern-prose-&-drama/171
https://markme.ai/gcse/english-literature/aqa/modern-prose-&-drama/161 -> https://markme.ai/gcse/english-literature/aqa/modern-prose-&-drama/161
https://markme.ai/gcse/english-literature/aqa/shakespeare/143 -> https://markme.ai/gcse/english-literature/aqa/shakespeare/143
https://markme.ai/gcse/english-literature/aqa/shakespeare/204 -> https://markme.ai/gcse/english-literature/aqa/shakespeare/204
https://markme.ai/gcse/english-literature/aqa/19th-century-novel/80 -> https://markme.ai/gcse/english-literature/aqa/19th-century-novel/80
https://markme.ai/gcse/english-literature/aqa/shakespeare/219 -> https://markme.ai/gcse/english-literature/aqa/shakespeare/219
https://markme.ai/gcse/english-literature/aqa/modern-prose-&-drama/246 -> https://markme.ai/gcse/english-literature/aqa/modern-prose-&-drama/246
https://markme.ai/gcse/english-literature/aqa/modern-prose-&-drama/109 -> https://markme.ai/gcse/english-literature/aqa/modern-prose-&-drama/109
https://markme.ai/gcse/english-literature/aqa/19th-century-novel/127 -> https://markme.ai/gcse/english-literature/aqa/19th-century-novel/127
https://markme.ai/gcse/english-literature/aqa/modern-prose-&-drama/105 -> https://markme.ai/gcse/english-literature/aqa/modern-prose-&-drama/105
https://markme.ai/gcse/english-literature/aqa/modern-prose-&-drama/116 -> https://markme.ai/gcse/english-literature/aqa/modern-prose-&-drama/116
https://markme.ai/gcse/english-literature/aqa/19th-century-novel/82 -> https://markme.ai/gcse/english-literature/aqa/19th-century-novel/82
https://markme.ai/gcse/english-literature/aqa/modern-prose-&-drama/249 -> https://markme.ai/gcse/english-literature/aqa/modern-prose-&-drama/249
https://markme.ai/gcse/english-literature/aqa/modern-prose-&-drama/262 -> https://markme.ai/gcse/english-literature/aqa/modern-prose-&-drama/262
https://markme.ai/gcse/english-literature/aqa/modern-prose-&-drama/325 -> https://markme.ai/gcse/english-literature/aqa/modern-prose-&-drama/325
https://markme.ai/gcse/english-literature/aqa/modern-prose-&-drama/304 -> https://markme.ai/gcse/english-literature/aqa/modern-prose-&-drama/304
https://markme.ai/gcse/english-literature/aqa/modern-prose-&-drama/300 -> https://markme.ai/gcse/english-literature/aqa/modern-prose-&-drama/300
https://markme.ai/gcse/english-literature/aqa/modern-prose-&-drama/295 -> https://markme.ai/gcse/english-literature/aqa/modern-prose-&-drama/295
https://markme.ai/gcse/english-literature/aqa/19th-century-novel/23 -> https://markme.ai/gcse/english-literature/aqa/19th-century-novel/23
https://markme.ai/gcse/english-literature/aqa/modern-prose-&-drama/323 -> https://markme.ai/gcse/english-literature/aqa/modern-prose-&-drama/323
https://markme.ai/gcse/english-literature/aqa/shakespeare/90 -> https://markme.ai/gcse/english-literature/aqa/shakespeare/90
https://markme.ai/gcse/english-literature/aqa/19th-century-novel/225 -> https://markme.ai/gcse/english-literature/aqa/19th-century-novel/225
https://markme.ai/gcse/english-literature/aqa/modern-prose-&-drama/48 -> https://markme.ai/gcse/english-literature/aqa/modern-prose-&-drama/48
https://markme.ai/gcse/english-literature/aqa/19th-century-novel/148 -> https://markme.ai/gcse/english-literature/aqa/19th-century-novel/148
https://markme.ai/gcse/english-literature/aqa/shakespeare/91 -> https://markme.ai/gcse/english-literature/aqa/shakespeare/91
https://markme.ai/gcse/english-literature/aqa/modern-prose-&-drama/238 -> https://markme.ai/gcse/english-literature/aqa/modern-prose-&-drama/238
https://markme.ai/gcse/english-literature/aqa/shakespeare/207 -> https://markme.ai/gcse/english-literature/aqa/shakespeare/207
https://markme.ai/gcse/english-literature/aqa/modern-prose-&-drama/310 -> https://markme.ai/gcse/english-literature/aqa/modern-prose-&-drama/310
https://markme.ai/gcse/english-literature/aqa/modern-prose-&-drama/293 -> https://markme.ai/gcse/english-literature/aqa/modern-prose-&-drama/293
https://markme.ai/gcse/english-literature/aqa/modern-prose-&-drama/58 -> https://markme.ai/gcse/english-literature/aqa/modern-prose-&-drama/58
https://markme.ai/gcse/english-literature/aqa/19th-century-novel/213 -> https://markme.ai/gcse/english-literature/aqa/19th-century-novel/213
https://markme.ai/gcse/english-literature/aqa/modern-prose-&-drama/234 -> https://markme.ai/gcse/english-literature/aqa/modern-prose-&-drama/234
https://markme.ai/gcse/english-literature/aqa/19th-century-novel/21 -> https://markme.ai/gcse/english-literature/aqa/19th-century-novel/21
https://markme.ai/gcse/english-literature/aqa/modern-prose-&-drama/275 -> https://markme.ai/gcse/english-literature/aqa/modern-prose-&-drama/275
https://markme.ai/gcse/english-literature/aqa/modern-prose-&-drama/60 -> https://markme.ai/gcse/english-literature/aqa/modern-prose-&-drama/60
https://markme.ai/gcse/english-literature/aqa/modern-prose-&-drama/264 -> https://markme.ai/gcse/english-literature/aqa/modern-prose-&-drama/264
https://markme.ai/gcse/english-literature/aqa/anthology-poetry-comparison/175 -> https://markme.ai/gcse/english-literature/aqa/anthology-poetry-comparison/175
https://markme.ai/gcse/english-literature/aqa/shakespeare/192 -> https://markme.ai/gcse/english-literature/aqa/shakespeare/192
https://markme.ai/gcse/english-literature/aqa/modern-prose-&-drama/271 -> https://markme.ai/gcse/english-literature/aqa/modern-prose-&-drama/271
https://markme.ai/gcse/english-literature/aqa/modern-prose-&-drama/61 -> https://markme.ai/gcse/english-literature/aqa/modern-prose-&-drama/61
https://markme.ai/gcse/english-literature/aqa/19th-century-novel/191 -> https://markme.ai/gcse/english-literature/aqa/19th-century-novel/191
https://markme.ai/gcse/english-literature/aqa/19th-century-novel/126 -> https://markme.ai/gcse/english-literature/aqa/19th-century-novel/126
https://markme.ai/gcse/english-literature/aqa/shakespeare/9 -> https://markme.ai/gcse/english-literature/aqa/shakespeare/9
https://markme.ai/gcse/english-literature/aqa/modern-prose-&-drama/63 -> https://markme.ai/gcse/english-literature/aqa/modern-prose-&-drama/63
https://markme.ai/gcse/english-literature/aqa/modern-prose-&-drama/66 -> https://markme.ai/gcse/english-literature/aqa/modern-prose-&-drama/66
https://markme.ai/gcse/english-literature/aqa/19th-century-novel/144 -> https://markme.ai/gcse/english-literature/aqa/19th-century-novel/144
https://markme.ai/gcse/english-literature/aqa/modern-prose-&-drama/235 -> https://markme.ai/gcse/english-literature/aqa/modern-prose-&-drama/235
https://markme.ai/gcse/english-literature/aqa/modern-prose-&-drama/59 -> https://markme.ai/gcse/english-literature/aqa/modern-prose-&-drama/59
https://markme.ai/gcse/english-literature/aqa/modern-prose-&-drama/169 -> https://markme.ai/gcse/english-literature/aqa/modern-prose-&-drama/169
https://markme.ai/gcse/english-literature/aqa/modern-prose-&-drama/120 -> https://markme.ai/gcse/english-literature/aqa/modern-prose-&-drama/120
https://markme.ai/gcse/english-literature/aqa/modern-prose-&-drama/50 -> https://markme.ai/gcse/english-literature/aqa/modern-prose-&-drama/50
https://markme.ai/gcse/english-literature/aqa/modern-prose-&-drama/298 -> https://markme.ai/gcse/english-literature/aqa/modern-prose-&-drama/298
https://markme.ai/gcse/english-literature/aqa/19th-century-novel/186 -> https://markme.ai/gcse/english-literature/aqa/19th-century-novel/186
https://markme.ai/gcse/english-literature/aqa/unseen-poetry/136 -> https://markme.ai/gcse/english-literature/aqa/unseen-poetry/136
https://markme.ai/gcse/english-literature/aqa/modern-prose-&-drama/73 -> https://markme.ai/gcse/english-literature/aqa/modern-prose-&-drama/73
https://markme.ai/gcse/english-literature/aqa/shakespeare/88 -> https://markme.ai/gcse/english-literature/aqa/shakespeare/88
https://markme.ai/gcse/english-literature/aqa/modern-prose-&-drama/33 -> https://markme.ai/gcse/english-literature/aqa/modern-prose-&-drama/33
https://markme.ai/gcse/english-literature/aqa/shakespeare/141 -> https://markme.ai/gcse/english-literature/aqa/shakespeare/141
https://markme.ai/gcse/english-literature/aqa/shakespeare/16 -> https://markme.ai/gcse/english-literature/aqa/shakespeare/16
https://markme.ai/gcse/english-literature/aqa/anthology-poetry-comparison/52 -> https://markme.ai/gcse/english-literature/aqa/anthology-poetry-comparison/52
https://markme.ai/gcse/english-literature/aqa/shakespeare/183 -> https://markme.ai/gcse/english-literature/aqa/shakespeare/183
https://markme.ai/gcse/english-literature/aqa/modern-prose-&-drama/312 -> https://markme.ai/gcse/english-literature/aqa/modern-prose-&-drama/312
https://markme.ai/gcse/english-literature/aqa/shakespeare/135 -> https://markme.ai/gcse/english-literature/aqa/shakespeare/135
https://markme.ai/gcse/english-literature/aqa/modern-prose-&-drama/260 -> https://markme.ai/gcse/english-literature/aqa/modern-prose-&-drama/260
https://markme.ai/gcse/english-literature/aqa/unseen-poetry-comparison/178 -> https://markme.ai/gcse/english-literature/aqa/unseen-poetry-comparison/178
https://markme.ai/gcse/english-literature/aqa/shakespeare/205 -> https://markme.ai/gcse/english-literature/aqa/shakespeare/205
https://markme.ai/gcse/english-literature/aqa/modern-prose-&-drama/284 -> https://markme.ai/gcse/english-literature/aqa/modern-prose-&-drama/284
https://markme.ai/gcse/english-literature/aqa/modern-prose-&-drama/49 -> https://markme.ai/gcse/english-literature/aqa/modern-prose-&-drama/49
https://markme.ai/gcse/english-literature/aqa/19th-century-novel/197 -> https://markme.ai/gcse/english-literature/aqa/19th-century-novel/197
https://markme.ai/gcse/english-literature/aqa/shakespeare/131 -> https://markme.ai/gcse/english-literature/aqa/shakespeare/131
https://markme.ai/gcse/english-literature/aqa/modern-prose-&-drama/28 -> https://markme.ai/gcse/english-literature/aqa/modern-prose-&-drama/28
https://markme.ai/gcse/english-literature/aqa/anthology-poetry-comparison/176 -> https://markme.ai/gcse/english-literature/aqa/anthology-poetry-comparison/176
https://markme.ai/gcse/english-literature/aqa/modern-prose-&-drama/112 -> https://markme.ai/gcse/english-literature/aqa/modern-prose-&-drama/112
https://markme.ai/gcse/english-literature/aqa/modern-prose-&-drama/274 -> https://markme.ai/gcse/english-literature/aqa/modern-prose-&-drama/274
https://markme.ai/gcse/english-literature/aqa/modern-prose-&-drama/119 -> https://markme.ai/gcse/english-literature/aqa/modern-prose-&-drama/119
https://markme.ai/gcse/geography/aqa/9-marker/1559 -> https://markme.ai/gcse/geography/aqa/9-marker/1559
https://markme.ai/gcse/geography/aqa/9-marker/1563 -> https://markme.ai/gcse/geography/aqa/9-marker/1563
https://markme.ai/gcse/geography/aqa/9-marker/1553 -> https://markme.ai/gcse/geography/aqa/9-marker/1553
https://markme.ai/gcse/geography/aqa/9-marker/1566 -> https://markme.ai/gcse/geography/aqa/9-marker/1566
https://markme.ai/gcse/geography/aqa/9-marker/1558 -> https://markme.ai/gcse/geography/aqa/9-marker/1558
https://markme.ai/gcse/geography/aqa/9-marker/1555 -> https://markme.ai/gcse/geography/aqa/9-marker/1555
https://markme.ai/gcse/geography/aqa/9-marker/1568 -> https://markme.ai/gcse/geography/aqa/9-marker/1568
https://markme.ai/gcse/geography/aqa/9-marker/1554 -> https://markme.ai/gcse/geography/aqa/9-marker/1554
https://markme.ai/gcse/geography/aqa/9-marker/1560 -> https://markme.ai/gcse/geography/aqa/9-marker/1560
https://markme.ai/gcse/geography/aqa/9-marker/1572 -> https://markme.ai/gcse/geography/aqa/9-marker/1572
https://markme.ai/gcse/geography/aqa/9-marker/1571 -> https://markme.ai/gcse/geography/aqa/9-marker/1571
https://markme.ai/gcse/geography/aqa/9-marker/1549 -> https://markme.ai/gcse/geography/aqa/9-marker/1549
https://markme.ai/gcse/geography/aqa/9-marker/1564 -> https://markme.ai/gcse/geography/aqa/9-marker/1564
https://markme.ai/gcse/geography/aqa/9-marker/1557 -> https://markme.ai/gcse/geography/aqa/9-marker/1557
https://markme.ai/gcse/geography/aqa/9-marker/1562 -> https://markme.ai/gcse/geography/aqa/9-marker/1562
https://markme.ai/gcse/geography/aqa/9-marker/1551 -> https://markme.ai/gcse/geography/aqa/9-marker/1551
https://markme.ai/gcse/geography/aqa/9-marker/1561 -> https://markme.ai/gcse/geography/aqa/9-marker/1561
https://markme.ai/gcse/geography/aqa/9-marker/1550 -> https://markme.ai/gcse/geography/aqa/9-marker/1550
https://markme.ai/gcse/geography/aqa/9-marker/1556 -> https://markme.ai/gcse/geography/aqa/9-marker/1556
https://markme.ai/gcse/geography/aqa/9-marker/1552 -> https://markme.ai/gcse/geography/aqa/9-marker/1552
https://markme.ai/gcse/geography/aqa/9-marker/1569 -> https://markme.ai/gcse/geography/aqa/9-marker/1569
https://markme.ai/gcse/geography/aqa/9-marker/1567 -> https://markme.ai/gcse/geography/aqa/9-marker/1567
https://markme.ai/gcse/geography/aqa/9-marker/1570 -> https://markme.ai/gcse/geography/aqa/9-marker/1570
https://markme.ai/gcse/geography/aqa/9-marker/1565 -> https://markme.ai/gcse/geography/aqa/9-marker/1565
https://markme.ai/gcse/english-language/aqa/paper-1-q5-writing/1585 -> https://markme.ai/gcse/english-language/aqa/paper-1-q5-writing/1585
https://markme.ai/gcse/english-language/aqa/paper-1-q5-writing/1595 -> https://markme.ai/gcse/english-language/aqa/paper-1-q5-writing/1595
https://markme.ai/gcse/english-language/aqa/paper-1-q5-writing/1588 -> https://markme.ai/gcse/english-language/aqa/paper-1-q5-writing/1588
https://markme.ai/gcse/english-language/aqa/paper-2-q5-writing/1599 -> https://markme.ai/gcse/english-language/aqa/paper-2-q5-writing/1599
https://markme.ai/gcse/english-language/aqa/paper-1-q5-writing/1587 -> https://markme.ai/gcse/english-language/aqa/paper-1-q5-writing/1587
https://markme.ai/gcse/english-language/aqa/paper-2-q5-writing/1605 -> https://markme.ai/gcse/english-language/aqa/paper-2-q5-writing/1605
https://markme.ai/gcse/english-language/aqa/paper-1-q5-writing/1592 -> https://markme.ai/gcse/english-language/aqa/paper-1-q5-writing/1592
https://markme.ai/gcse/english-language/aqa/paper-2-q5-writing/1606 -> https://markme.ai/gcse/english-language/aqa/paper-2-q5-writing/1606
https://markme.ai/gcse/english-language/aqa/paper-2-q5-writing/1604 -> https://markme.ai/gcse/english-language/aqa/paper-2-q5-writing/1604
https://markme.ai/gcse/english-language/aqa/paper-1-q5-writing/1591 -> https://markme.ai/gcse/english-language/aqa/paper-1-q5-writing/1591
https://markme.ai/gcse/english-language/aqa/paper-1-q5-writing/1580 -> https://markme.ai/gcse/english-language/aqa/paper-1-q5-writing/1580
https://markme.ai/gcse/english-language/aqa/paper-1-q5-writing/1594 -> https://markme.ai/gcse/english-language/aqa/paper-1-q5-writing/1594
https://markme.ai/gcse/english-language/aqa/paper-2-q5-writing/1607 -> https://markme.ai/gcse/english-language/aqa/paper-2-q5-writing/1607
https://markme.ai/gcse/english-language/aqa/paper-1-q5-writing/1581 -> https://markme.ai/gcse/english-language/aqa/paper-1-q5-writing/1581
https://markme.ai/gcse/english-language/aqa/paper-1-q5-writing/1593 -> https://markme.ai/gcse/english-language/aqa/paper-1-q5-writing/1593
https://markme.ai/gcse/english-language/aqa/paper-1-q5-writing/1575 -> https://markme.ai/gcse/english-language/aqa/paper-1-q5-writing/1575
https://markme.ai/gcse/english-language/aqa/paper-2-q5-writing/1601 -> https://markme.ai/gcse/english-language/aqa/paper-2-q5-writing/1601
https://markme.ai/gcse/english-language/aqa/paper-2-q5-writing/1603 -> https://markme.ai/gcse/english-language/aqa/paper-2-q5-writing/1603
https://markme.ai/gcse/english-language/aqa/paper-1-q5-writing/1576 -> https://markme.ai/gcse/english-language/aqa/paper-1-q5-writing/1576
https://markme.ai/gcse/english-language/aqa/paper-2-q5-writing/1602 -> https://markme.ai/gcse/english-language/aqa/paper-2-q5-writing/1602
https://markme.ai/gcse/english-language/aqa/paper-1-q5-writing/1596 -> https://markme.ai/gcse/english-language/aqa/paper-1-q5-writing/1596
https://markme.ai/gcse/english-language/aqa/paper-1-q5-writing/1574 -> https://markme.ai/gcse/english-language/aqa/paper-1-q5-writing/1574
https://markme.ai/gcse/english-language/aqa/paper-2-q5-writing/1597 -> https://markme.ai/gcse/english-language/aqa/paper-2-q5-writing/1597
https://markme.ai/gcse/english-language/aqa/paper-2-q5-writing/1598 -> https://markme.ai/gcse/english-language/aqa/paper-2-q5-writing/1598
https://markme.ai/gcse/english-language/aqa/paper-1-q5-writing/1577 -> https://markme.ai/gcse/english-language/aqa/paper-1-q5-writing/1577
https://markme.ai/gcse/english-language/aqa/paper-1-q5-writing/1579 -> https://markme.ai/gcse/english-language/aqa/paper-1-q5-writing/1579
https://markme.ai/gcse/english-language/aqa/paper-2-q5-writing/1608 -> https://markme.ai/gcse/english-language/aqa/paper-2-q5-writing/1608
https://markme.ai/gcse/english-language/aqa/paper-1-q5-writing/1586 -> https://markme.ai/gcse/english-language/aqa/paper-1-q5-writing/1586
https://markme.ai/gcse/english-language/aqa/paper-1-q5-writing/1573 -> https://markme.ai/gcse/english-language/aqa/paper-1-q5-writing/1573
https://markme.ai/gcse/english-language/aqa/paper-1-q5-writing/1578 -> https://markme.ai/gcse/english-language/aqa/paper-1-q5-writing/1578
https://markme.ai/gcse/english-language/aqa/paper-2-q5-writing/1600 -> https://markme.ai/gcse/english-language/aqa/paper-2-q5-writing/1600
https://markme.ai/gcse/english-language/aqa/paper-1-q5-writing/1584 -> https://markme.ai/gcse/english-language/aqa/paper-1-q5-writing/1584
https://markme.ai/gcse/english-language/aqa/paper-1-q5-writing/1590 -> https://markme.ai/gcse/english-language/aqa/paper-1-q5-writing/1590
https://markme.ai/gcse/english-language/aqa/paper-1-q5-writing/1583 -> https://markme.ai/gcse/english-language/aqa/paper-1-q5-writing/1583
https://markme.ai/gcse/english-language/aqa/paper-1-q5-writing/1589 -> https://markme.ai/gcse/english-language/aqa/paper-1-q5-writing/1589
https://markme.ai/gcse/english-language/aqa/paper-1-q5-writing/1582 -> https://markme.ai/gcse/english-language/aqa/paper-1-q5-writing/1582
https://markme.ai/history/24020462 -> https://markme.ai/history/24020462
https://markme.ai/history/5718274 -> https://markme.ai/history/5718274
https://markme.ai/history/32919653 -> https://markme.ai/history/32919653
https://markme.ai/history/15926904 -> https://markme.ai/history/15926904
https://markme.ai/history/82221357 -> https://markme.ai/history/82221357
https://markme.ai/history/8148252 -> https://markme.ai/history/8148252
https://markme.ai/history/5628632 -> https://markme.ai/history/5628632
https://markme.ai/history/28226735 -> https://markme.ai/history/28226735
https://markme.ai/history/377169824 -> https://markme.ai/history/377169824
https://markme.ai/history/6748634 -> https://markme.ai/history/6748634
https://markme.ai/history/2118259 -> https://markme.ai/history/2118259
https://markme.ai/history/8318609 -> https://markme.ai/history/8318609
https://markme.ai/history/24826897 -> https://markme.ai/history/24826897
https://markme.ai/history/95824797 -> https://markme.ai/history/95824797
https://markme.ai/history/50924755 -> https://markme.ai/history/50924755
https://markme.ai/history/82919659 -> https://markme.ai/history/82919659
https://markme.ai/history/69324742 -> https://markme.ai/history/69324742
https://markme.ai/history/40224759 -> https://markme.ai/history/40224759
https://markme.ai/history/51521285 -> https://markme.ai/history/51521285
https://markme.ai/history/70119623 -> https://markme.ai/history/70119623
https://markme.ai/history/12726908 -> https://markme.ai/history/12726908
https://markme.ai/history/70326765 -> https://markme.ai/history/70326765
https://markme.ai/history/1448255 -> https://markme.ai/history/1448255
https://markme.ai/history/6898611 -> https://markme.ai/history/6898611
https://markme.ai/history/2838273 -> https://markme.ai/history/2838273
https://markme.ai/history/95124795 -> https://markme.ai/history/95124795
https://markme.ai/history/9458250 -> https://markme.ai/history/9458250
https://markme.ai/history/50224801 -> https://markme.ai/history/50224801
https://markme.ai/history/566172162 -> https://markme.ai/history/566172162
https://markme.ai/history/27224800 -> https://markme.ai/history/27224800
https://markme.ai/history/7078237 -> https://markme.ai/history/7078237
https://markme.ai/history/164168627 -> https://markme.ai/history/164168627
https://markme.ai/history/4358264 -> https://markme.ai/history/4358264
https://markme.ai/history/4858253 -> https://markme.ai/history/4858253
https://markme.ai/history/4628577 -> https://markme.ai/history/4628577
https://markme.ai/history/55324794 -> https://markme.ai/history/55324794
https://markme.ai/history/43420461 -> https://markme.ai/history/43420461
https://markme.ai/history/14121701 -> https://markme.ai/history/14121701
https://markme.ai/history/6478241 -> https://markme.ai/history/6478241
https://markme.ai/history/4878599 -> https://markme.ai/history/4878599
https://markme.ai/history/49026899 -> https://markme.ai/history/49026899
https://markme.ai/history/5548575 -> https://markme.ai/history/5548575
https://markme.ai/history/92726893 -> https://markme.ai/history/92726893
https://markme.ai/history/6058257 -> https://markme.ai/history/6058257
https://markme.ai/history/9588254 -> https://markme.ai/history/9588254
https://markme.ai/history/39520463 -> https://markme.ai/history/39520463
https://markme.ai/history/2998256 -> https://markme.ai/history/2998256
https://markme.ai/history/8988624 -> https://markme.ai/history/8988624
https://markme.ai/history/1188245 -> https://markme.ai/history/1188245
https://markme.ai/history/6708258 -> https://markme.ai/history/6708258
https://markme.ai/history/9348572 -> https://markme.ai/history/9348572
https://markme.ai/history/66224799 -> https://markme.ai/history/66224799
https://markme.ai/history/7418247 -> https://markme.ai/history/7418247
https://markme.ai/history/23321355 -> https://markme.ai/history/23321355
https://markme.ai/history/52726912 -> https://markme.ai/history/52726912
https://markme.ai/history/38521290 -> https://markme.ai/history/38521290
https://markme.ai/history/9758407 -> https://markme.ai/history/9758407
https://markme.ai/history/6238249 -> https://markme.ai/history/6238249
https://markme.ai/history/77621350 -> https://markme.ai/history/77621350
https://markme.ai/history/50126740 -> https://markme.ai/history/50126740
https://markme.ai/history/1218565 -> https://markme.ai/history/1218565
https://markme.ai/history/1678586 -> https://markme.ai/history/1678586
https://markme.ai/history/2598652 -> https://markme.ai/history/2598652
https://markme.ai/history/31719646 -> https://markme.ai/history/31719646
https://markme.ai/history/25924745 -> https://markme.ai/history/25924745
https://markme.ai/history/76929835 -> https://markme.ai/history/76929835
https://markme.ai/history/6008743 -> https://markme.ai/history/6008743
https://markme.ai/history/3818239 -> https://markme.ai/history/3818239
https://markme.ai/history/343168700 -> https://markme.ai/history/343168700
https://markme.ai/history/9028263 -> https://markme.ai/history/9028263
https://markme.ai/history/8808272 -> https://markme.ai/history/8808272
https://markme.ai/gcse/business-studies/edexcel -> https://markme.ai/gcse/business-studies/edexcel
https://markme.ai/science/gcse/biology/aqa -> https://markme.ai/science/gcse/biology/aqa
https://markme.ai/science/gcse/physics/aqa -> https://markme.ai/science/gcse/physics/aqa
https://markme.ai/science/gcse/chemistry/aqa -> https://markme.ai/science/gcse/chemistry/aqa
https://markme.ai/gcse/english-literature/aqa -> https://markme.ai/gcse/english-literature/aqa
https://markme.ai/gcse/geography/aqa -> https://markme.ai/gcse/geography/aqa
https://markme.ai/gcse/english-language/aqa -> https://markme.ai/gcse/english-language/aqa
